Flow report for LamCor
Mon Jan 12 09:05:12 2015
Quartus II 64-Bit Version 14.0.0 Build 200 06/17/2014 SJ Web Edition


---------------------
; Table of Contents ;
---------------------
  1. Legal Notice
  2. Flow Summary
  3. Flow Settings
  4. Flow Non-Default Global Settings
  5. Flow Elapsed Time
  6. Flow OS Summary
  7. Flow Log
  8. Flow Messages
  9. Flow Suppressed Messages



----------------
; Legal Notice ;
----------------
Copyright (C) 1991-2014 Altera Corporation. All rights reserved.
Your use of Altera Corporation's design tools, logic functions 
and other software and tools, and its AMPP partner logic 
functions, and any output files from any of the foregoing 
(including device programming or simulation files), and any 
associated documentation or information are expressly subject 
to the terms and conditions of the Altera Program License 
Subscription Agreement, the Altera Quartus II License Agreement,
the Altera MegaCore Function License Agreement, or other 
applicable license agreement, including, without limitation, 
that your use is for the sole purpose of programming logic 
devices manufactured by Altera and sold by Altera or its 
authorized distributors.  Please refer to the applicable 
agreement for further details.



+------------------------------------------------------------------------------+
; Flow Summary                                                                 ;
+---------------------------------+--------------------------------------------+
; Flow Status                     ; Successful - Mon Jan 12 09:05:12 2015      ;
; Quartus II 64-Bit Version       ; 14.0.0 Build 200 06/17/2014 SJ Web Edition ;
; Revision Name                   ; LamCor                                     ;
; Top-level Entity Name           ; top                                        ;
; Family                          ; Cyclone V                                  ;
; Device                          ; 5CGXFC5C6F27C7                             ;
; Timing Models                   ; Final                                      ;
; Logic utilization (in ALMs)     ; 263 / 29,080 ( < 1 % )                     ;
; Total registers                 ; 127                                        ;
; Total pins                      ; 3 / 364 ( < 1 % )                          ;
; Total virtual pins              ; 0                                          ;
; Total block memory bits         ; 16,896 / 4,567,040 ( < 1 % )               ;
; Total DSP Blocks                ; 0 / 150 ( 0 % )                            ;
; Total HSSI RX PCSs              ; 0 / 6 ( 0 % )                              ;
; Total HSSI PMA RX Deserializers ; 0 / 6 ( 0 % )                              ;
; Total HSSI TX PCSs              ; 0 / 6 ( 0 % )                              ;
; Total HSSI PMA TX Serializers   ; 0 / 6 ( 0 % )                              ;
; Total PLLs                      ; 1 / 12 ( 8 % )                             ;
; Total DLLs                      ; 0 / 4 ( 0 % )                              ;
+---------------------------------+--------------------------------------------+


+-----------------------------------------+
; Flow Settings                           ;
+-------------------+---------------------+
; Option            ; Setting             ;
+-------------------+---------------------+
; Start date & time ; 01/12/2015 09:03:43 ;
; Main task         ; Compilation         ;
; Revision Name     ; LamCor              ;
+-------------------+---------------------+


+----------------------------------------------------------------------------------------------------------------------------------------------------+
; Flow Non-Default Global Settings                                                                                                                   ;
+--------------------------------------+--------------------------------------------------------------+---------------+-------------+----------------+
; Assignment Name                      ; Value                                                        ; Default Value ; Entity Name ; Section Id     ;
+--------------------------------------+--------------------------------------------------------------+---------------+-------------+----------------+
; COMPILER_SIGNATURE_ID                ; 159090359714835.142108222220156                              ; --            ; --          ; --             ;
; EDA_DESIGN_INSTANCE_NAME             ; NA                                                           ; --            ; --          ; bench          ;
; EDA_NATIVELINK_SIMULATION_TEST_BENCH ; bench                                                        ; --            ; --          ; eda_simulation ;
; EDA_OUTPUT_DATA_FORMAT               ; Verilog Hdl                                                  ; --            ; --          ; eda_simulation ;
; EDA_SIMULATION_TOOL                  ; ModelSim-Altera (Verilog)                                    ; <None>        ; --          ; --             ;
; EDA_TEST_BENCH_ENABLE_STATUS         ; TEST_BENCH_MODE                                              ; --            ; --          ; eda_simulation ;
; EDA_TEST_BENCH_FILE                  ; ../verilog/testbench.v                                       ; --            ; --          ; bench          ;
; EDA_TEST_BENCH_MODULE_NAME           ; bench                                                        ; --            ; --          ; bench          ;
; EDA_TEST_BENCH_NAME                  ; bench                                                        ; --            ; --          ; eda_simulation ;
; EDA_TIME_SCALE                       ; 1 ns                                                         ; --            ; --          ; eda_simulation ;
; IP_COMPONENT_AUTHOR                  ; QWx0ZXJhIENvcnBvcmF0aW9u                                     ; --            ; pll         ; --             ;
; IP_COMPONENT_AUTHOR                  ; QWx0ZXJhIENvcnBvcmF0aW9u                                     ; --            ; pll_0002    ; --             ;
; IP_COMPONENT_DESCRIPTION             ; QWx0ZXJhIFBoYXNlLUxvY2tlZCBMb29wIChBTFRFUkFfUExMKQ==         ; --            ; pll         ; --             ;
; IP_COMPONENT_DESCRIPTION             ; QWx0ZXJhIFBoYXNlLUxvY2tlZCBMb29wIChBTFRFUkFfUExMKQ==         ; --            ; pll_0002    ; --             ;
; IP_COMPONENT_DISPLAY_NAME            ; QWx0ZXJhIFBMTA==                                             ; --            ; pll         ; --             ;
; IP_COMPONENT_DISPLAY_NAME            ; QWx0ZXJhIFBMTA==                                             ; --            ; pll_0002    ; --             ;
; IP_COMPONENT_INTERNAL                ; Off                                                          ; Off           ; pll         ; --             ;
; IP_COMPONENT_INTERNAL                ; Off                                                          ; Off           ; pll_0002    ; --             ;
; IP_COMPONENT_NAME                    ; cGxs                                                         ; --            ; pll         ; --             ;
; IP_COMPONENT_NAME                    ; cGxsXzAwMDI=                                                 ; --            ; pll_0002    ; --             ;
; IP_COMPONENT_PARAMETER               ; QVVUT19SRUZDTEtfQ0xPQ0tfUkFURQ==::LTE=::QXV0byBDTE9DS19SQVRF ; --            ; pll_0002    ; --             ;
; IP_COMPONENT_REPORT_HIERARCHY        ; Off                                                          ; Off           ; pll         ; --             ;
; IP_COMPONENT_REPORT_HIERARCHY        ; Off                                                          ; Off           ; pll_0002    ; --             ;
; IP_COMPONENT_VERSION                 ; MTQuMA==                                                     ; --            ; pll         ; --             ;
; IP_COMPONENT_VERSION                 ; MTQuMA==                                                     ; --            ; pll_0002    ; --             ;
; IP_GENERATED_DEVICE_FAMILY           ; {Cyclone V}                                                  ; --            ; --          ; --             ;
; IP_GENERATED_DEVICE_FAMILY           ; {Cyclone V}                                                  ; --            ; --          ; --             ;
; IP_GENERATED_DEVICE_FAMILY           ; {Cyclone V}                                                  ; --            ; pll         ; --             ;
; IP_QSYS_MODE                         ; UNKNOWN                                                      ; --            ; pll         ; --             ;
; IP_TARGETED_DEVICE_FAMILY            ; Cyclone V                                                    ; --            ; pll         ; --             ;
; IP_TOOL_ENV                          ; mwpim                                                        ; --            ; pll         ; --             ;
; IP_TOOL_ENV                          ; mwpim                                                        ; --            ; pll         ; --             ;
; IP_TOOL_ENV                          ; mwpim                                                        ; --            ; pll_0002    ; --             ;
; IP_TOOL_NAME                         ; RAM: 2-PORT                                                  ; --            ; --          ; --             ;
; IP_TOOL_NAME                         ; LPM_MUX                                                      ; --            ; --          ; --             ;
; IP_TOOL_NAME                         ; altera_pll                                                   ; --            ; pll         ; --             ;
; IP_TOOL_NAME                         ; altera_pll                                                   ; --            ; pll         ; --             ;
; IP_TOOL_NAME                         ; altera_pll                                                   ; --            ; pll_0002    ; --             ;
; IP_TOOL_VERSION                      ; 14.0                                                         ; --            ; --          ; --             ;
; IP_TOOL_VERSION                      ; 14.0                                                         ; --            ; --          ; --             ;
; IP_TOOL_VERSION                      ; 14.0                                                         ; --            ; pll         ; --             ;
; IP_TOOL_VERSION                      ; 14.0                                                         ; --            ; pll         ; --             ;
; IP_TOOL_VERSION                      ; 14.0                                                         ; --            ; pll_0002    ; --             ;
; MAX_CORE_JUNCTION_TEMP               ; 85                                                           ; --            ; --          ; --             ;
; MIN_CORE_JUNCTION_TEMP               ; 0                                                            ; --            ; --          ; --             ;
; MISC_FILE                            ; pll.cmp                                                      ; --            ; --          ; --             ;
; MISC_FILE                            ; ramblock.bsf                                                 ; --            ; --          ; --             ;
; MISC_FILE                            ; ramblock_bb.v                                                ; --            ; --          ; --             ;
; MISC_FILE                            ; ram32_mux_bb.v                                               ; --            ; --          ; --             ;
; PARTITION_COLOR                      ; 16764057                                                     ; --            ; top         ; Top            ;
; PARTITION_FITTER_PRESERVATION_LEVEL  ; PLACEMENT_AND_ROUTING                                        ; --            ; top         ; Top            ;
; PARTITION_NETLIST_TYPE               ; SOURCE                                                       ; --            ; top         ; Top            ;
; POWER_BOARD_THERMAL_MODEL            ; None (CONSERVATIVE)                                          ; --            ; --          ; --             ;
; POWER_PRESET_COOLING_SOLUTION        ; 23 MM HEAT SINK WITH 200 LFPM AIRFLOW                        ; --            ; --          ; --             ;
; PROJECT_OUTPUT_DIRECTORY             ; output_files                                                 ; --            ; --          ; --             ;
; SPD_FILE                             ; pll.spd                                                      ; --            ; --          ; --             ;
; SYNTHESIS_ONLY_QIP                   ; On                                                           ; --            ; --          ; --             ;
; TOP_LEVEL_ENTITY                     ; top                                                          ; LamCor        ; --          ; --             ;
+--------------------------------------+--------------------------------------------------------------+---------------+-------------+----------------+


+-------------------------------------------------------------------------------------------------------------------------------+
; Flow Elapsed Time                                                                                                             ;
+---------------------------+--------------+-------------------------+---------------------+------------------------------------+
; Module Name               ; Elapsed Time ; Average Processors Used ; Peak Virtual Memory ; Total CPU Time (on all processors) ;
+---------------------------+--------------+-------------------------+---------------------+------------------------------------+
; Analysis & Synthesis      ; 00:00:10     ; 1.0                     ; 649 MB              ; 00:00:05                           ;
; Fitter                    ; 00:00:43     ; 1.7                     ; 1981 MB             ; 00:00:48                           ;
; Assembler                 ; 00:00:10     ; 1.0                     ; 662 MB              ; 00:00:08                           ;
; TimeQuest Timing Analyzer ; 00:00:11     ; 1.3                     ; 1014 MB             ; 00:00:11                           ;
; EDA Netlist Writer        ; 00:00:02     ; 1.0                     ; 611 MB              ; 00:00:02                           ;
; Total                     ; 00:01:16     ; --                      ; --                  ; 00:01:14                           ;
+---------------------------+--------------+-------------------------+---------------------+------------------------------------+


+----------------------------------------------------------------------------------------+
; Flow OS Summary                                                                        ;
+---------------------------+------------------+-----------+------------+----------------+
; Module Name               ; Machine Hostname ; OS Name   ; OS Version ; Processor type ;
+---------------------------+------------------+-----------+------------+----------------+
; Analysis & Synthesis      ; PC101617         ; Windows 7 ; 6.1        ; x86_64         ;
; Fitter                    ; PC101617         ; Windows 7 ; 6.1        ; x86_64         ;
; Assembler                 ; PC101617         ; Windows 7 ; 6.1        ; x86_64         ;
; TimeQuest Timing Analyzer ; PC101617         ; Windows 7 ; 6.1        ; x86_64         ;
; EDA Netlist Writer        ; PC101617         ; Windows 7 ; 6.1        ; x86_64         ;
+---------------------------+------------------+-----------+------------+----------------+


------------
; Flow Log ;
------------
quartus_map --read_settings_files=on --write_settings_files=off LamCor -c LamCor
quartus_fit --read_settings_files=off --write_settings_files=off LamCor -c LamCor
quartus_asm --read_settings_files=off --write_settings_files=off LamCor -c LamCor
quartus_sta LamCor -c LamCor
quartus_eda --read_settings_files=off --write_settings_files=off LamCor -c LamCor



