C:\USERS\MARK FLAMER\DROPBOX\LAMBDACORE\SIMULATOR\SIMULATOR\DEBUG\MAIN.OBJ
C:\USERS\MARK FLAMER\DROPBOX\LAMBDACORE\SIMULATOR\SIMULATOR\DEBUG\CORE.OBJ
C:\USERS\MARK FLAMER\DROPBOX\LAMBDACORE\SIMULATOR\SIMULATOR\DEBUG\VC110.PDB
C:\USERS\MARK FLAMER\DROPBOX\LAMBDACORE\LAMCOR\SRC\SIMULATOR.ILK
C:\USERS\MARK FLAMER\DROPBOX\LAMBDACORE\LAMCOR\SRC\SIMULATOR.EXE
C:\USERS\MARK FLAMER\DROPBOX\LAMBDACORE\LAMCOR\SRC\SIMULATOR.PDB
C:\Users\Mark Flamer\Dropbox\LambdaCore\Simulator\Simulator\Debug\core.obj
C:\Users\Mark Flamer\Dropbox\LambdaCore\Simulator\Simulator\Debug\main.obj
C:\Users\Mark Flamer\Dropbox\LambdaCore\Simulator\Simulator\Debug\cl.command.1.tlog
C:\Users\Mark Flamer\Dropbox\LambdaCore\Simulator\Simulator\Debug\CL.read.1.tlog
C:\Users\Mark Flamer\Dropbox\LambdaCore\Simulator\Simulator\Debug\CL.write.1.tlog
C:\Users\Mark Flamer\Dropbox\LambdaCore\Simulator\Simulator\Debug\link-cvtres.read.1.tlog
C:\Users\Mark Flamer\Dropbox\LambdaCore\Simulator\Simulator\Debug\link-cvtres.write.1.tlog
C:\Users\Mark Flamer\Dropbox\LambdaCore\Simulator\Simulator\Debug\link-rc.read.1.tlog
C:\Users\Mark Flamer\Dropbox\LambdaCore\Simulator\Simulator\Debug\link-rc.write.1.tlog
C:\Users\Mark Flamer\Dropbox\LambdaCore\Simulator\Simulator\Debug\link.command.1.tlog
C:\Users\Mark Flamer\Dropbox\LambdaCore\Simulator\Simulator\Debug\link.read.1.tlog
C:\Users\Mark Flamer\Dropbox\LambdaCore\Simulator\Simulator\Debug\link.write.1.tlog
C:\Users\Mark Flamer\Dropbox\LambdaCore\Simulator\Simulator\Debug\vc110.idb
C:\Users\Mark Flamer\Dropbox\LambdaCore\Simulator\Simulator\Debug\vc110.pdb
C:\Users\Mark Flamer\Dropbox\LambdaCore\Simulator\Simulator\..\..\LamCor\src\Simulator.exe
